<?xml version="1.0" encoding="UTF-8"?>
<!-- Generated by org.testng.reporters.JUnitReportReporter -->
<testsuite hostname="TYSS-Chandana" failures="0" tests="1" name="com.miko.EndToEndTests.MIKO_AI_EE_TC_005" time="33.643" errors="0" timestamp="2022-12-05T17:17:09 IST" skipped="0">
  <testcase classname="com.miko.EndToEndTests.MIKO_AI_EE_TC_005" name="MIKO_AI_EE_TC_005_Test" time="33.643"/>
  <system-out/>
</testsuite> <!-- com.miko.EndToEndTests.MIKO_AI_EE_TC_005 -->
