<?xml version="1.0" encoding="UTF-8"?>
<!-- Generated by org.testng.reporters.JUnitReportReporter -->
<testsuite hostname="TYSS-Chandana" failures="0" tests="1" name="com.miko.EndToEndTests.MIKO_AI_EE_TC_003" time="63.133" errors="0" timestamp="2022-11-16T12:07:34 IST" skipped="0">
  <testcase classname="com.miko.EndToEndTests.MIKO_AI_EE_TC_003" name="MIKO_AI_EE_TC_003_Test" time="63.133"/>
  <system-out>
    <![CDATA[$211.00subtotalAmt]]>
  </system-out>
</testsuite> <!-- com.miko.EndToEndTests.MIKO_AI_EE_TC_003 -->
