<?xml version="1.0" encoding="UTF-8"?>
<!-- Generated by org.testng.reporters.JUnitReportReporter -->
<testsuite hostname="TYSS-Chandana" failures="0" tests="1" name="com.miko.EndToEndTests.MIKO_AI_EE_TC_006" time="28.361" errors="0" timestamp="2022-12-05T17:18:19 IST" skipped="0">
  <testcase classname="com.miko.EndToEndTests.MIKO_AI_EE_TC_006" name="MIKO_AI_EE_TC_006_Test" time="28.361"/>
  <system-out/>
</testsuite> <!-- com.miko.EndToEndTests.MIKO_AI_EE_TC_006 -->
