<?xml version="1.0" encoding="UTF-8"?>
<!-- Generated by org.testng.reporters.JUnitReportReporter -->
<testsuite hostname="TYSS-Chandana" failures="0" tests="1" name="com.miko.FunctionalTestcases.CreatAccount" time="9.923" errors="0" timestamp="2022-10-28T14:18:17 IST" skipped="0">
  <testcase classname="com.miko.FunctionalTestcases.CreatAccount" name="creatNewUser" time="9.923"/>
  <system-out>
    <![CDATA[Your registration is successfully done
You are successfully logged in]]>
  </system-out>
</testsuite> <!-- com.miko.FunctionalTestcases.CreatAccount -->
