<?xml version="1.0" encoding="UTF-8"?>
<!-- Generated by org.testng.reporters.JUnitReportReporter -->
<testsuite hostname="TYSS-Chandana" failures="0" tests="1" name="com.miko.Testcases.MIKO_AI_040_Tests" time="15.085" errors="0" timestamp="2022-10-18T11:38:14 IST" skipped="0">
  <testcase classname="com.miko.Testcases.MIKO_AI_040_Tests" name="GeoLocationForUs" time="15.085"/>
  <system-out/>
</testsuite> <!-- com.miko.Testcases.MIKO_AI_040_Tests -->
