<?xml version="1.0" encoding="UTF-8"?>
<!-- Generated by org.testng.reporters.JUnitReportReporter -->
<testsuite hostname="TYSS-Chandana" failures="0" tests="1" name="com.miko.FunctionalTestcases.MIKO_AI_054_Test" time="13.000" errors="0" timestamp="2022-10-28T15:10:14 IST" skipped="0">
  <testcase classname="com.miko.FunctionalTestcases.MIKO_AI_054_Test" name="loginToMiko3" time="13.000"/>
  <system-out>
    <![CDATA[You are successfully logged in]]>
  </system-out>
</testsuite> <!-- com.miko.FunctionalTestcases.MIKO_AI_054_Test -->
