<?xml version="1.0" encoding="UTF-8"?>
<!-- Generated by org.testng.reporters.JUnitReportReporter -->
<testsuite hostname="TYSS-Chandana" failures="0" tests="1" name="com.miko.FunctionalTestcases.BuyThrowMikoMaxPage" time="63.906" errors="0" timestamp="2022-11-09T14:58:03 IST" skipped="0">
  <testcase classname="com.miko.FunctionalTestcases.BuyThrowMikoMaxPage" name="Test" time="63.906"/>
  <system-out>
    <![CDATA[211.0miko3 product price
$234.00
260.0-------------------
234.0-------------------
234]]>
  </system-out>
</testsuite> <!-- com.miko.FunctionalTestcases.BuyThrowMikoMaxPage -->
