<?xml version="1.0" encoding="UTF-8"?>
<!-- Generated by org.testng.reporters.JUnitReportReporter -->
<testsuite hostname="TYSS-Chandana" failures="0" tests="1" name="com.miko.EndToEndTests.MIKO_AI_EE_TC_016" time="35.647" errors="0" timestamp="2022-11-09T19:24:22 IST" skipped="0">
  <testcase classname="com.miko.EndToEndTests.MIKO_AI_EE_TC_016" name="Miko3BuyNowFlowTest" time="35.647"/>
  <system-out>
    <![CDATA[$189.90
211.0-------------------
189.9-------------------
189]]>
  </system-out>
</testsuite> <!-- com.miko.EndToEndTests.MIKO_AI_EE_TC_016 -->
