<?xml version="1.0" encoding="UTF-8"?>
<!-- Generated by org.testng.reporters.JUnitReportReporter -->
<testsuite hostname="TYSS-Chandana" failures="0" tests="1" name="com.miko.FunctionalTestcases.MIKO_AI_053_Test" time="16.990" errors="0" timestamp="2022-10-28T14:57:24 IST" skipped="0">
  <testcase classname="com.miko.FunctionalTestcases.MIKO_AI_053_Test" name="creatNewUser" time="16.990"/>
  <system-out>
    <![CDATA[Your registration is successfully done
You are successfully logged in]]>
  </system-out>
</testsuite> <!-- com.miko.FunctionalTestcases.MIKO_AI_053_Test -->
