<?xml version="1.0" encoding="UTF-8"?>
<!-- Generated by org.testng.reporters.JUnitReportReporter -->
<testsuite hostname="TYSS-Chandana" failures="0" tests="1" name="com.miko.FunctionalTestcases.login" time="14.078" errors="0" timestamp="2022-10-28T13:14:29 IST" skipped="0">
  <testcase classname="com.miko.FunctionalTestcases.login" name="loginToMiko3" time="14.078"/>
  <system-out>
    <![CDATA[You are successfully logged in]]>
  </system-out>
</testsuite> <!-- com.miko.FunctionalTestcases.login -->
