<?xml version="1.0" encoding="UTF-8"?>
<!-- Generated by org.testng.reporters.JUnitReportReporter -->
<testsuite hostname="TYSS-Chandana" failures="0" tests="1" name="com.miko.EndToEndTestcase.MIKO_AI_EE_TC_03" time="59.905" errors="0" timestamp="2022-10-28T17:23:47 IST" skipped="0">
  <testcase classname="com.miko.EndToEndTestcase.MIKO_AI_EE_TC_03" name="Miko3BuyNowFlowTest" time="59.905"/>
  <system-out>
    <![CDATA[$211.00subtotalAmt
$189.90
189
Order #1047]]>
  </system-out>
</testsuite> <!-- com.miko.EndToEndTestcase.MIKO_AI_EE_TC_03 -->
