<?xml version="1.0" encoding="UTF-8"?>
<!-- Generated by org.testng.reporters.JUnitReportReporter -->
<testsuite hostname="TYSS-Chandana" failures="0" tests="1" name="com.miko.EndToEndTestcase.Demo" time="58.747" errors="0" timestamp="2022-10-20T23:09:57 IST" skipped="0">
  <testcase classname="com.miko.EndToEndTestcase.Demo" name="Miko3BuyNowFlowTest" time="58.747"/>
  <system-out>
    <![CDATA[Order #1022]]>
  </system-out>
</testsuite> <!-- com.miko.EndToEndTestcase.Demo -->
