<?xml version="1.0" encoding="UTF-8"?>
<!-- Generated by org.testng.reporters.JUnitReportReporter -->
<testsuite hostname="TYSS-Chandana" failures="0" tests="1" name="com.miko.FunctionalTestcases.MIKO_AI_040_Tests" time="15.485" errors="0" timestamp="2022-11-02T10:08:34 IST" skipped="0">
  <testcase classname="com.miko.FunctionalTestcases.MIKO_AI_040_Tests" name="GeoLocationForUs" time="15.485"/>
  <system-out/>
</testsuite> <!-- com.miko.FunctionalTestcases.MIKO_AI_040_Tests -->
