<?xml version="1.0" encoding="UTF-8"?>
<!-- Generated by org.testng.reporters.JUnitReportReporter -->
<testsuite hostname="TYSS-Chandana" failures="0" tests="1" name="com.miko.EndToEndTestcase.MIKO_AI_EE_TC_005" time="80.669" errors="0" timestamp="2022-11-04T14:06:56 IST" skipped="0">
  <testcase classname="com.miko.EndToEndTestcase.MIKO_AI_EE_TC_005" name="Miko3BuyNowFlowTest" time="80.669"/>
  <system-out>
    <![CDATA[$211.00subtotalAmt]]>
  </system-out>
</testsuite> <!-- com.miko.EndToEndTestcase.MIKO_AI_EE_TC_005 -->
