<?xml version="1.0" encoding="UTF-8"?>
<!-- Generated by org.testng.reporters.JUnitReportReporter -->
<testsuite hostname="TYSS-Chandana" failures="0" tests="1" name="com.miko.EndToEndTests.MIKO_AI_EE_TC_010" time="125.502" errors="0" timestamp="2022-12-05T17:28:40 IST" skipped="0">
  <testcase classname="com.miko.EndToEndTests.MIKO_AI_EE_TC_010" name="MIKO_AI_EE_TC_010_Test" time="125.502"/>
  <system-out/>
</testsuite> <!-- com.miko.EndToEndTests.MIKO_AI_EE_TC_010 -->
