<?xml version="1.0" encoding="UTF-8"?>
<!-- Generated by org.testng.reporters.JUnitReportReporter -->
<testsuite hostname="TYSS-Chandana" failures="0" tests="1" name="com.miko.EndToEndTestcase.MIKO_AI_EE_TC_002" time="62.119" errors="0" timestamp="2022-11-03T18:40:54 IST" skipped="0">
  <testcase classname="com.miko.EndToEndTestcase.MIKO_AI_EE_TC_002" name="Miko3BuyNowFlowTest" time="62.119"/>
  <system-out>
    <![CDATA[$211.00subtotalAmt
$189.90
189]]>
  </system-out>
</testsuite> <!-- com.miko.EndToEndTestcase.MIKO_AI_EE_TC_002 -->
