<?xml version="1.0" encoding="UTF-8"?>
<!-- Generated by org.testng.reporters.JUnitReportReporter -->
<testsuite hostname="TYSS-Chandana" failures="0" tests="1" name="com.miko.EndToEndTestcase.MIKO_AI_EE_TC_009" time="44.853" errors="0" timestamp="2022-11-02T18:43:33 IST" skipped="0">
  <testcase classname="com.miko.EndToEndTestcase.MIKO_AI_EE_TC_009" name="Miko3BuyNowFlowTest" time="44.853"/>
  <system-out>
    <![CDATA[You are successfully logged in
$211.00subtotalAmt
$189.90
189]]>
  </system-out>
</testsuite> <!-- com.miko.EndToEndTestcase.MIKO_AI_EE_TC_009 -->
