<?xml version="1.0" encoding="UTF-8"?>
<!-- Generated by org.testng.reporters.JUnitReportReporter -->
<testsuite hostname="TYSS-Chandana" failures="0" tests="1" name="com.miko.EndToEndTests.MIKO_AI_EE_TC_004" time="35.854" errors="0" timestamp="2022-12-05T17:15:38 IST" skipped="0">
  <testcase classname="com.miko.EndToEndTests.MIKO_AI_EE_TC_004" name="MIKO_AI_EE_TC_004_Test" time="35.854"/>
  <system-out>
    <![CDATA[$199.00subtotalAmt]]>
  </system-out>
</testsuite> <!-- com.miko.EndToEndTests.MIKO_AI_EE_TC_004 -->
