<?xml version="1.0" encoding="UTF-8"?>
<!-- Generated by org.testng.reporters.JUnitReportReporter -->
<testsuite hostname="TYSS-Chandana" failures="0" tests="1" name="com.miko.Testcases.MIKO_AI_41_Tests" time="13.297" errors="0" timestamp="2022-10-17T14:28:14 IST" skipped="0">
  <testcase classname="com.miko.Testcases.MIKO_AI_41_Tests" name="MIKO_AI_041_Tests" time="13.297"/>
  <system-out/>
</testsuite> <!-- com.miko.Testcases.MIKO_AI_41_Tests -->
